<?xml version="1.0" encoding="UTF-8"?>
<!-- Generated by org.testng.reporters.JUnitReportReporter -->
<testsuite hostname="DESKTOP-CQ01MS6" failures="0" tests="2" name="com.phase3restassured.testAPIS" time="2.057" errors="0" timestamp="2023-03-10T11:01:26 IST" skipped="0">
  <testcase classname="com.phase3restassured.testAPIS" name="testPOSTApiusingPOGO" time="1.956"/>
  <system-out/>
  <testcase classname="com.phase3restassured.testAPIS" name="testGETApi" time="0.101"/>
  <system-out/>
</testsuite> <!-- com.phase3restassured.testAPIS -->
